<?xml version="1.0" encoding="UTF-8"?>
<!-- Generated by org.testng.reporters.JUnitReportReporter -->
<testsuite hostname="DESKTOP-88MGC53" failures="0" tests="1" name="cucumberOptions.TestNGTestRunner" time="29.889" errors="0" timestamp="2023-05-08T11:07:07 IST" skipped="0">
  <testcase classname="cucumberOptions.TestNGTestRunner" name="runScenario" time="29.889"/>
  <system-out/>
</testsuite> <!-- cucumberOptions.TestNGTestRunner -->
